<?xml version="1.0" encoding="UTF-8"?>
<!-- Generated by org.testng.reporters.JUnitReportReporter -->
<testsuite hostname="DESKTOP-UE7TLLR" failures="0" tests="2" name="companyDetails.Addlocation" time="10.824" errors="0" timestamp="2022-07-28T18:47:19 IST" skipped="0">
  <testcase classname="companyDetails.Addlocation" name="login" time="6.145"/>
  <system-out/>
  <testcase classname="companyDetails.Addlocation" name="addLocation" time="4.679"/>
  <system-out/>
</testsuite> <!-- companyDetails.Addlocation -->
