<?xml version="1.0" encoding="UTF-8"?>
<!-- Generated by org.testng.reporters.JUnitReportReporter -->
<testsuite hostname="DESKTOP-UE7TLLR" failures="0" tests="5" name="AdminRoleMaster.FullUserAdminRoleCompanyLocationVeiwEdditDeleteOnly" time="11.509" errors="0" timestamp="2022-08-01T13:49:26 IST" skipped="3">
  <testcase classname="AdminRoleMaster.FullUserAdminRoleCompanyLocationVeiwEdditDeleteOnly" name="login" time="6.002"/>
  <system-out/>
  <testcase classname="AdminRoleMaster.FullUserAdminRoleCompanyLocationVeiwEdditDeleteOnly" name="fullUseAccessAddEditOnly" time="5.507"/>
  <system-out/>
  <testcase classname="AdminRoleMaster.FullUserAdminRoleCompanyLocationVeiwEdditDeleteOnly" name="fullAccessUserViewCompanyLocationOnly">
    <skipped/>
  </testcase> <!-- fullAccessUserViewCompanyLocationOnly -->
  <system-out/>
  <testcase classname="AdminRoleMaster.FullUserAdminRoleCompanyLocationVeiwEdditDeleteOnly" name="fullAccessUserDeleteRecord">
    <skipped/>
  </testcase> <!-- fullAccessUserDeleteRecord -->
  <system-out/>
  <testcase classname="AdminRoleMaster.FullUserAdminRoleCompanyLocationVeiwEdditDeleteOnly" name="fullAccessUserEditAccountOnly">
    <skipped/>
  </testcase> <!-- fullAccessUserEditAccountOnly -->
  <system-out/>
</testsuite> <!-- AdminRoleMaster.FullUserAdminRoleCompanyLocationVeiwEdditDeleteOnly -->
