<?xml version="1.0" encoding="UTF-8"?>
<!-- Generated by org.testng.reporters.JUnitReportReporter -->
<testsuite hostname="DESKTOP-UE7TLLR" failures="0" tests="3" name="AdminRoleMaster.AdminRoleAccoutDetailsRightsFullUser" time="12.207" errors="0" timestamp="2022-07-28T16:07:33 IST" skipped="1">
  <testcase classname="AdminRoleMaster.AdminRoleAccoutDetailsRightsFullUser" name="login" time="6.140"/>
  <system-out/>
  <testcase classname="AdminRoleMaster.AdminRoleAccoutDetailsRightsFullUser" name="fullAccessUserEditAccountOnly" time="6.067"/>
  <system-out/>
  <testcase classname="AdminRoleMaster.AdminRoleAccoutDetailsRightsFullUser" name="fullAccessUserViewAccountOnly">
    <skipped/>
  </testcase> <!-- fullAccessUserViewAccountOnly -->
  <system-out/>
</testsuite> <!-- AdminRoleMaster.AdminRoleAccoutDetailsRightsFullUser -->
