<?xml version="1.0" encoding="UTF-8"?>
<!-- Generated by org.testng.reporters.JUnitReportReporter -->
<testsuite hostname="DESKTOP-UE7TLLR" failures="0" tests="1" name="EmployeeFormSetUp.EditNewTextFieldasUniqueField" time="15.137" errors="0" timestamp="2022-08-01T12:57:41 IST" skipped="0">
  <testcase classname="EmployeeFormSetUp.EditNewTextFieldasUniqueField" name="fieldsblank" time="15.137"/>
  <system-out/>
</testsuite> <!-- EmployeeFormSetUp.EditNewTextFieldasUniqueField -->
