<?xml version="1.0" encoding="UTF-8"?>
<!-- Generated by org.testng.reporters.JUnitReportReporter -->
<testsuite hostname="DESKTOP-UE7TLLR" failures="0" tests="1" name="EmployeeFormSetUp.EditNewTextFieldasRequireField" time="20.564" errors="0" timestamp="2022-08-01T11:33:03 IST" skipped="0">
  <testcase classname="EmployeeFormSetUp.EditNewTextFieldasRequireField" name="fieldsblank" time="20.564"/>
  <system-out/>
</testsuite> <!-- EmployeeFormSetUp.EditNewTextFieldasRequireField -->
