<?xml version="1.0" encoding="UTF-8"?>
<!-- Generated by org.testng.reporters.JUnitReportReporter -->
<testsuite hostname="DESKTOP-UE7TLLR" failures="0" tests="1" name="EmployeeFormSetUp.deleteNewTextField" time="7.947" errors="0" timestamp="2022-07-30T16:06:53 IST" skipped="0">
  <testcase classname="EmployeeFormSetUp.deleteNewTextField" name="fieldsblank" time="7.947"/>
  <system-out/>
</testsuite> <!-- EmployeeFormSetUp.deleteNewTextField -->
