<?xml version="1.0" encoding="UTF-8"?>
<!-- Generated by org.testng.reporters.JUnitReportReporter -->
<testsuite hostname="DESKTOP-UE7TLLR" failures="0" tests="3" name="TempsusCentralAccountDetails.AddLogo" time="18.067" errors="0" timestamp="2022-08-02T09:33:35 IST" skipped="1">
  <testcase classname="TempsusCentralAccountDetails.AddLogo" name="login" time="0.939"/>
  <system-out/>
  <testcase classname="TempsusCentralAccountDetails.AddLogo" name="addExcelsheet" time="17.128"/>
  <system-out/>
  <testcase classname="TempsusCentralAccountDetails.AddLogo" name="addJPGfileLogo">
    <skipped/>
  </testcase> <!-- addJPGfileLogo -->
  <system-out/>
</testsuite> <!-- TempsusCentralAccountDetails.AddLogo -->
