<?xml version="1.0" encoding="UTF-8"?>
<!-- Generated by org.testng.reporters.JUnitReportReporter -->
<testsuite hostname="DESKTOP-UE7TLLR" failures="0" tests="2" name="companyDetails.addParentlocationoforNewLocation" time="10.661" errors="0" timestamp="2022-08-01T16:02:42 IST" skipped="0">
  <testcase classname="companyDetails.addParentlocationoforNewLocation" name="login" time="3.030"/>
  <system-out/>
  <testcase classname="companyDetails.addParentlocationoforNewLocation" name="seleetParentLocationfirttime" time="7.631"/>
  <system-out/>
</testsuite> <!-- companyDetails.addParentlocationoforNewLocation -->
