<?xml version="1.0" encoding="UTF-8"?>
<!-- Generated by org.testng.reporters.JUnitReportReporter -->
<testsuite hostname="DESKTOP-UE7TLLR" failures="0" tests="1" name="designationMaster.updateRecord" time="4.983" errors="0" timestamp="2022-07-29T17:59:48 IST" skipped="0">
  <testcase classname="designationMaster.updateRecord" name="deleteRecord" time="4.983"/>
  <system-out/>
</testsuite> <!-- designationMaster.updateRecord -->
