<?xml version="1.0" encoding="UTF-8"?>
<!-- Generated by org.testng.reporters.JUnitReportReporter -->
<testsuite hostname="DESKTOP-UE7TLLR" failures="0" tests="1" name="demoproject.demo.test" time="4.185" errors="0" timestamp="2022-07-19T10:45:41 IST" skipped="0">
  <testcase classname="demoproject.demo.test" name="display" time="4.185"/>
  <system-out/>
</testsuite> <!-- demoproject.demo.test -->
