<?xml version="1.0" encoding="UTF-8"?>
<!-- Generated by org.testng.reporters.JUnitReportReporter -->
<testsuite hostname="DESKTOP-UE7TLLR" failures="0" tests="1" name="EmployeeFormSetUp.EditNewDropdownasMandatory" time="19.891" errors="0" timestamp="2022-08-01T12:29:38 IST" skipped="0">
  <testcase classname="EmployeeFormSetUp.EditNewDropdownasMandatory" name="fieldsblank" time="19.891"/>
  <system-out/>
</testsuite> <!-- EmployeeFormSetUp.EditNewDropdownasMandatory -->
