<?xml version="1.0" encoding="UTF-8"?>
<!-- Generated by org.testng.reporters.JUnitReportReporter -->
<testsuite hostname="DESKTOP-UE7TLLR" failures="0" tests="4" name="AdminRoleMaster.AdminRoleDeptLocationRightsFullUser" time="13.180" errors="0" timestamp="2022-07-28T17:44:09 IST" skipped="2">
  <testcase classname="AdminRoleMaster.AdminRoleDeptLocationRightsFullUser" name="login" time="7.807"/>
  <system-out/>
  <testcase classname="AdminRoleMaster.AdminRoleDeptLocationRightsFullUser" name="fullAccessUserViewAccountOnly" time="5.373"/>
  <system-out/>
  <testcase classname="AdminRoleMaster.AdminRoleDeptLocationRightsFullUser" name="fullAccessUserDeleteRecord">
    <skipped/>
  </testcase> <!-- fullAccessUserDeleteRecord -->
  <system-out/>
  <testcase classname="AdminRoleMaster.AdminRoleDeptLocationRightsFullUser" name="fullAccessUserEditAccountOnly">
    <skipped/>
  </testcase> <!-- fullAccessUserEditAccountOnly -->
  <system-out/>
</testsuite> <!-- AdminRoleMaster.AdminRoleDeptLocationRightsFullUser -->
