<?xml version="1.0" encoding="UTF-8"?>
<!-- Generated by org.testng.reporters.JUnitReportReporter -->
<testsuite hostname="DESKTOP-UE7TLLR" failures="0" tests="2" name="TempsusCentralLoginPage.AddLogo" time="12.254" errors="0" timestamp="2022-07-20T18:19:16 IST" skipped="0">
  <testcase classname="TempsusCentralLoginPage.AddLogo" name="login" time="1.275"/>
  <system-out/>
  <testcase classname="TempsusCentralLoginPage.AddLogo" name="addLogo" time="10.979"/>
  <system-out/>
</testsuite> <!-- TempsusCentralLoginPage.AddLogo -->
