<?xml version="1.0" encoding="UTF-8"?>
<!-- Generated by org.testng.reporters.JUnitReportReporter -->
<testsuite hostname="DESKTOP-UE7TLLR" failures="0" tests="2" name="AdminRoleMaster.AdminRoleAccoutDetailsRightsLightUser" time="8.115" errors="0" timestamp="2022-07-28T12:21:31 IST" skipped="0">
  <testcase classname="AdminRoleMaster.AdminRoleAccoutDetailsRightsLightUser" name="login" time="6.311"/>
  <system-out/>
  <testcase classname="AdminRoleMaster.AdminRoleAccoutDetailsRightsLightUser" name="addFullAccesUser" time="1.804"/>
  <system-out/>
</testsuite> <!-- AdminRoleMaster.AdminRoleAccoutDetailsRightsLightUser -->
