<?xml version="1.0" encoding="UTF-8"?>
<!-- Generated by org.testng.reporters.JUnitReportReporter -->
<testsuite hostname="DESKTOP-UE7TLLR" failures="0" tests="5" name="TempsusCentralAccountDetails.AccountAddDeleteNewFields" time="114.081" errors="0" timestamp="2022-08-02T09:57:48 IST" skipped="0">
  <testcase classname="TempsusCentralAccountDetails.AccountAddDeleteNewFields" name="login" time="21.372"/>
  <system-out/>
  <testcase classname="TempsusCentralAccountDetails.AccountAddDeleteNewFields" name="DeleteDropDownOption" time="18.181"/>
  <system-out/>
  <testcase classname="TempsusCentralAccountDetails.AccountAddDeleteNewFields" name="deleteMandoryTextField" time="21.734"/>
  <system-out/>
  <testcase classname="TempsusCentralAccountDetails.AccountAddDeleteNewFields" name="addMandoryTextField" time="30.677"/>
  <system-out/>
  <testcase classname="TempsusCentralAccountDetails.AccountAddDeleteNewFields" name="addMandoryDropdownField" time="22.117"/>
  <system-out/>
</testsuite> <!-- TempsusCentralAccountDetails.AccountAddDeleteNewFields -->
