<?xml version="1.0" encoding="UTF-8"?>
<!-- Generated by org.testng.reporters.JUnitReportReporter -->
<testsuite hostname="DESKTOP-UE7TLLR" failures="0" tests="1" name="DepartmentMaster.unselectlocationfromparenttochild" time="13.053" errors="0" timestamp="2022-07-28T09:48:48 IST" skipped="0">
  <testcase classname="DepartmentMaster.unselectlocationfromparenttochild" name="UpdateDepartment" time="13.053"/>
  <system-out/>
</testsuite> <!-- DepartmentMaster.unselectlocationfromparenttochild -->
