<?xml version="1.0" encoding="UTF-8"?>
<!-- Generated by org.testng.reporters.JUnitReportReporter -->
<testsuite hostname="DESKTOP-UE7TLLR" failures="0" tests="5" name="AdminRoleMaster.FullUserAdminRoleCompanyLocationAddViewEditDelete" time="11.281" errors="0" timestamp="2022-08-01T13:50:50 IST" skipped="3">
  <testcase classname="AdminRoleMaster.FullUserAdminRoleCompanyLocationAddViewEditDelete" name="login" time="5.962"/>
  <system-out/>
  <testcase classname="AdminRoleMaster.FullUserAdminRoleCompanyLocationAddViewEditDelete" name="fullUseAccessAddEditOnly" time="5.319"/>
  <system-out/>
  <testcase classname="AdminRoleMaster.FullUserAdminRoleCompanyLocationAddViewEditDelete" name="fullAccessUserDeleteRecord">
    <skipped/>
  </testcase> <!-- fullAccessUserDeleteRecord -->
  <system-out/>
  <testcase classname="AdminRoleMaster.FullUserAdminRoleCompanyLocationAddViewEditDelete" name="fullAccessUserEditAccountOnly">
    <skipped/>
  </testcase> <!-- fullAccessUserEditAccountOnly -->
  <system-out/>
  <testcase classname="AdminRoleMaster.FullUserAdminRoleCompanyLocationAddViewEditDelete" name="fullAccessUserViewCompanyLocationOnly">
    <skipped/>
  </testcase> <!-- fullAccessUserViewCompanyLocationOnly -->
  <system-out/>
</testsuite> <!-- AdminRoleMaster.FullUserAdminRoleCompanyLocationAddViewEditDelete -->
