<?xml version="1.0" encoding="UTF-8"?>
<!-- Generated by org.testng.reporters.JUnitReportReporter -->
<testsuite hostname="DESKTOP-UE7TLLR" failures="0" tests="5" name="AdminRoleMaster.FullUserAdminRoleCompanyLocationVeiwAddOnly" time="11.407" errors="0" timestamp="2022-07-29T11:02:11 IST" skipped="3">
  <testcase classname="AdminRoleMaster.FullUserAdminRoleCompanyLocationVeiwAddOnly" name="login" time="6.131"/>
  <system-out/>
  <testcase classname="AdminRoleMaster.FullUserAdminRoleCompanyLocationVeiwAddOnly" name="fullUseAccessAddOnly" time="5.276"/>
  <system-out/>
  <testcase classname="AdminRoleMaster.FullUserAdminRoleCompanyLocationVeiwAddOnly" name="fullAccessUserEditAccountOnly">
    <skipped/>
  </testcase> <!-- fullAccessUserEditAccountOnly -->
  <system-out/>
  <testcase classname="AdminRoleMaster.FullUserAdminRoleCompanyLocationVeiwAddOnly" name="fullAccessUserViewCompanyLocationOnly">
    <skipped/>
  </testcase> <!-- fullAccessUserViewCompanyLocationOnly -->
  <system-out/>
  <testcase classname="AdminRoleMaster.FullUserAdminRoleCompanyLocationVeiwAddOnly" name="fullAccessUserDeleteRecord">
    <skipped/>
  </testcase> <!-- fullAccessUserDeleteRecord -->
  <system-out/>
</testsuite> <!-- AdminRoleMaster.FullUserAdminRoleCompanyLocationVeiwAddOnly -->
