<?xml version="1.0" encoding="UTF-8"?>
<!-- Generated by org.testng.reporters.JUnitReportReporter -->
<testsuite hostname="DESKTOP-UE7TLLR" failures="0" tests="1" name="EmployeeFormSetUp.deleteNewTextField" time="8.221" errors="0" timestamp="2022-08-01T09:13:05 IST" skipped="0">
  <testcase classname="EmployeeFormSetUp.deleteNewTextField" name="fieldsblank" time="8.221"/>
  <system-out/>
</testsuite> <!-- EmployeeFormSetUp.deleteNewTextField -->
