<?xml version="1.0" encoding="UTF-8"?>
<!-- Generated by org.testng.reporters.JUnitReportReporter -->
<testsuite hostname="DESKTOP-UE7TLLR" failures="0" tests="2" name="companyDetails.deleteLocationalreadyexists" time="14.553" errors="0" timestamp="2022-08-01T16:09:42 IST" skipped="0">
  <testcase classname="companyDetails.deleteLocationalreadyexists" name="login" time="5.993"/>
  <system-out/>
  <testcase classname="companyDetails.deleteLocationalreadyexists" name="locationDeleteAlreadyExists" time="8.560"/>
  <system-out/>
</testsuite> <!-- companyDetails.deleteLocationalreadyexists -->
