<?xml version="1.0" encoding="UTF-8"?>
<!-- Generated by org.testng.reporters.JUnitReportReporter -->
<testsuite hostname="DESKTOP-UE7TLLR" failures="0" tests="3" name="TempsusCentralAccountDetails.AddLogo" time="36.399" errors="0" timestamp="2022-07-25T16:54:45 IST" skipped="0">
  <testcase classname="TempsusCentralAccountDetails.AddLogo" name="login" time="1.111"/>
  <system-out/>
  <testcase classname="TempsusCentralAccountDetails.AddLogo" name="addJPGfileLogo" time="18.354"/>
  <system-out/>
  <testcase classname="TempsusCentralAccountDetails.AddLogo" name="addExcelsheet" time="16.934"/>
  <system-out/>
</testsuite> <!-- TempsusCentralAccountDetails.AddLogo -->
