<?xml version="1.0" encoding="UTF-8"?>
<!-- Generated by org.testng.reporters.JUnitReportReporter -->
<testsuite hostname="DESKTOP-UE7TLLR" failures="0" tests="2" name="TempsusCentralAccountDetails.MoreDetails" time="15.456" errors="0" timestamp="2022-07-26T09:17:17 IST" skipped="0">
  <testcase classname="TempsusCentralAccountDetails.MoreDetails" name="login" time="0.948"/>
  <system-out/>
  <testcase classname="TempsusCentralAccountDetails.MoreDetails" name="moreDetails" time="14.508"/>
  <system-out/>
</testsuite> <!-- TempsusCentralAccountDetails.MoreDetails -->
