<?xml version="1.0" encoding="UTF-8"?>
<!-- Generated by org.testng.reporters.JUnitReportReporter -->
<testsuite hostname="DESKTOP-UE7TLLR" failures="0" tests="1" name="DepartmentMaster.DepartmentAllFieldsBlank" time="6.735" errors="0" timestamp="2022-07-27T18:46:07 IST" skipped="0">
  <testcase classname="DepartmentMaster.DepartmentAllFieldsBlank" name="allFieldsBlank" time="6.735"/>
  <system-out/>
</testsuite> <!-- DepartmentMaster.DepartmentAllFieldsBlank -->
