<?xml version="1.0" encoding="UTF-8"?>
<!-- Generated by org.testng.reporters.JUnitReportReporter -->
<testsuite hostname="DESKTOP-UE7TLLR" failures="0" tests="3" name="TempsusCentralAccountDetails.AddLogo" time="39.893" errors="0" timestamp="2022-07-26T09:17:17 IST" skipped="0">
  <testcase classname="TempsusCentralAccountDetails.AddLogo" name="login" time="0.933"/>
  <system-out/>
  <testcase classname="TempsusCentralAccountDetails.AddLogo" name="addJPGfileLogo" time="20.080"/>
  <system-out/>
  <testcase classname="TempsusCentralAccountDetails.AddLogo" name="addExcelsheet" time="18.880"/>
  <system-out/>
</testsuite> <!-- TempsusCentralAccountDetails.AddLogo -->
