<?xml version="1.0" encoding="UTF-8"?>
<!-- Generated by org.testng.reporters.JUnitReportReporter -->
<testsuite hostname="DESKTOP-UE7TLLR" failures="0" tests="1" name="TempsusCentralAccountDetails.AccountMandatoryFieldsBlank" time="17.003" errors="0" timestamp="2022-07-22T16:07:48 IST" skipped="0">
  <testcase classname="TempsusCentralAccountDetails.AccountMandatoryFieldsBlank" name="checkMandatoryFields" time="17.003"/>
  <system-out/>
</testsuite> <!-- TempsusCentralAccountDetails.AccountMandatoryFieldsBlank -->
