<?xml version="1.0" encoding="UTF-8"?>
<!-- Generated by org.testng.reporters.JUnitReportReporter -->
<testsuite hostname="DESKTOP-UE7TLLR" failures="0" tests="1" name="DepartmentMaster.addDeptwithLocation" time="9.026" errors="0" timestamp="2022-07-27T13:35:37 IST" skipped="0">
  <testcase classname="DepartmentMaster.addDeptwithLocation" name="DeptWithLocation" time="9.026"/>
  <system-out/>
</testsuite> <!-- DepartmentMaster.addDeptwithLocation -->
