<?xml version="1.0" encoding="UTF-8"?>
<!-- Generated by org.testng.reporters.JUnitReportReporter -->
<testsuite hostname="DESKTOP-UE7TLLR" failures="0" tests="4" name="TempsusCentralLoginPage.AccountAdd" time="60.008" errors="0" timestamp="2022-07-20T15:12:57 IST" skipped="0">
  <testcase classname="TempsusCentralLoginPage.AccountAdd" name="login" time="1.256"/>
  <system-out/>
  <testcase classname="TempsusCentralLoginPage.AccountAdd" name="DeleteDropDownOption" time="17.788"/>
  <system-out/>
  <testcase classname="TempsusCentralLoginPage.AccountAdd" name="addMandoryTextField" time="22.418"/>
  <system-out/>
  <testcase classname="TempsusCentralLoginPage.AccountAdd" name="addMandoryDropdownField" time="18.546"/>
  <system-out/>
</testsuite> <!-- TempsusCentralLoginPage.AccountAdd -->
