<?xml version="1.0" encoding="UTF-8"?>
<!-- Generated by org.testng.reporters.JUnitReportReporter -->
<testsuite hostname="DESKTOP-UE7TLLR" failures="0" tests="4" name="AdminRoleMaster.FullUserLocationsCheck" time="26.589" errors="0" timestamp="2022-07-29T16:22:21 IST" skipped="0">
  <testcase classname="AdminRoleMaster.FullUserLocationsCheck" name="login" time="6.015"/>
  <system-out/>
  <testcase classname="AdminRoleMaster.FullUserLocationsCheck" name="fullAccessUserLocationCheck" time="7.575"/>
  <system-out/>
  <testcase classname="AdminRoleMaster.FullUserLocationsCheck" name="execute" time="0.808"/>
  <system-out/>
  <testcase classname="AdminRoleMaster.FullUserLocationsCheck" name="fullAccessAttendanceMaster" time="12.191"/>
  <system-out/>
</testsuite> <!-- AdminRoleMaster.FullUserLocationsCheck -->
