<?xml version="1.0" encoding="UTF-8"?>
<!-- Generated by org.testng.reporters.JUnitReportReporter -->
<testsuite hostname="DESKTOP-UE7TLLR" failures="0" tests="1" name="EmployeeFormSetUp.addNewDropDownasMandatory" time="11.656" errors="0" timestamp="2022-08-01T12:29:12 IST" skipped="0">
  <testcase classname="EmployeeFormSetUp.addNewDropDownasMandatory" name="fieldsblank" time="11.656"/>
  <system-out/>
</testsuite> <!-- EmployeeFormSetUp.addNewDropDownasMandatory -->
