<?xml version="1.0" encoding="UTF-8"?>
<!-- Generated by org.testng.reporters.JUnitReportReporter -->
<testsuite hostname="DESKTOP-UE7TLLR" failures="0" tests="1" name="EmployeeFormSetUp.addNewFieldAsTextRequiredField" time="9.841" errors="0" timestamp="2022-08-01T11:32:31 IST" skipped="0">
  <testcase classname="EmployeeFormSetUp.addNewFieldAsTextRequiredField" name="addNewFieldasTextRequiredField" time="9.841"/>
  <system-out/>
</testsuite> <!-- EmployeeFormSetUp.addNewFieldAsTextRequiredField -->
