<?xml version="1.0" encoding="UTF-8"?>
<!-- Generated by org.testng.reporters.JUnitReportReporter -->
<testsuite hostname="DESKTOP-UE7TLLR" failures="0" tests="1" name="TempsusCentralAccountDetails.AccountNonMandatoryFieldsBlank" time="15.065" errors="0" timestamp="2022-07-29T15:55:13 IST" skipped="0">
  <testcase classname="TempsusCentralAccountDetails.AccountNonMandatoryFieldsBlank" name="display" time="15.065"/>
  <system-out/>
</testsuite> <!-- TempsusCentralAccountDetails.AccountNonMandatoryFieldsBlank -->
