<?xml version="1.0" encoding="UTF-8"?>
<!-- Generated by org.testng.reporters.JUnitReportReporter -->
<testsuite hostname="DESKTOP-UE7TLLR" failures="0" tests="1" name="DepartmentMaster.addDeptwithSingleLocation" time="5.456" errors="0" timestamp="2022-07-27T18:37:06 IST" skipped="0">
  <testcase classname="DepartmentMaster.addDeptwithSingleLocation" name="DeptWithLocation" time="5.456"/>
  <system-out/>
</testsuite> <!-- DepartmentMaster.addDeptwithSingleLocation -->
