<?xml version="1.0" encoding="UTF-8"?>
<!-- Generated by org.testng.reporters.JUnitReportReporter -->
<testsuite hostname="DESKTOP-UE7TLLR" failures="0" tests="2" name="TempsusCentralAccuntDetails.AddLogo" time="12.044" errors="0" timestamp="2022-07-21T09:56:40 IST" skipped="0">
  <testcase classname="TempsusCentralAccuntDetails.AddLogo" name="login" time="0.999"/>
  <system-out/>
  <testcase classname="TempsusCentralAccuntDetails.AddLogo" name="addLogo" time="11.045"/>
  <system-out/>
</testsuite> <!-- TempsusCentralAccuntDetails.AddLogo -->
