<?xml version="1.0" encoding="UTF-8"?>
<!-- Generated by org.testng.reporters.JUnitReportReporter -->
<testsuite hostname="DESKTOP-UE7TLLR" failures="0" tests="2" name="companyDetails.search" time="14.357" errors="0" timestamp="2022-07-27T09:31:08 IST" skipped="0">
  <testcase classname="companyDetails.search" name="login" time="6.799"/>
  <system-out/>
  <testcase classname="companyDetails.search" name="search" time="7.558"/>
  <system-out/>
</testsuite> <!-- companyDetails.search -->
