<?xml version="1.0" encoding="UTF-8"?>
<!-- Generated by org.testng.reporters.JUnitReportReporter -->
<testsuite hostname="DESKTOP-UE7TLLR" failures="0" tests="1" name="DepartmentMaster.addDifferentParentDept" time="12.886" errors="0" timestamp="2022-07-27T18:38:31 IST" skipped="0">
  <testcase classname="DepartmentMaster.addDifferentParentDept" name="deleteDepartment" time="12.886"/>
  <system-out/>
</testsuite> <!-- DepartmentMaster.addDifferentParentDept -->
