<?xml version="1.0" encoding="UTF-8"?>
<!-- Generated by org.testng.reporters.JUnitReportReporter -->
<testsuite hostname="DESKTOP-UE7TLLR" failures="0" tests="3" name="companyDetails.selectParentLocation" time="19.862" errors="0" timestamp="2022-07-26T15:35:55 IST" skipped="0">
  <testcase classname="companyDetails.selectParentLocation" name="login" time="6.160"/>
  <system-out/>
  <testcase classname="companyDetails.selectParentLocation" name="seleetParentLocationfirttime" time="6.971"/>
  <system-out/>
  <testcase classname="companyDetails.selectParentLocation" name="seleetParentLocationsecond" time="6.731"/>
  <system-out/>
</testsuite> <!-- companyDetails.selectParentLocation -->
