<?xml version="1.0" encoding="UTF-8"?>
<!-- Generated by org.testng.reporters.JUnitReportReporter -->
<testsuite hostname="DESKTOP-UE7TLLR" failures="0" tests="1" name="EmployeeFormSetUp.addNewFieldAsDropdown" time="6.484" errors="0" timestamp="2022-07-30T17:56:32 IST" skipped="0">
  <testcase classname="EmployeeFormSetUp.addNewFieldAsDropdown" name="fieldsblank" time="6.484"/>
  <system-out/>
</testsuite> <!-- EmployeeFormSetUp.addNewFieldAsDropdown -->
