<?xml version="1.0" encoding="UTF-8"?>
<!-- Generated by org.testng.reporters.JUnitReportReporter -->
<testsuite hostname="DESKTOP-UE7TLLR" failures="0" tests="1" name="TempsusCentralAccuntDetails.AccountMandatoryFieldsBlank" time="4.874" errors="0" timestamp="2022-07-21T16:20:57 IST" skipped="0">
  <testcase classname="TempsusCentralAccuntDetails.AccountMandatoryFieldsBlank" name="checkMandatoryFields" time="4.874"/>
  <system-out/>
</testsuite> <!-- TempsusCentralAccuntDetails.AccountMandatoryFieldsBlank -->
