<?xml version="1.0" encoding="UTF-8"?>
<!-- Generated by org.testng.reporters.JUnitReportReporter -->
<testsuite hostname="DESKTOP-UE7TLLR" failures="0" tests="2" name="TempsusCentralLoginPage.MoreDetails" time="14.438" errors="0" timestamp="2022-07-20T18:46:49 IST" skipped="0">
  <testcase classname="TempsusCentralLoginPage.MoreDetails" name="login" time="0.890"/>
  <system-out/>
  <testcase classname="TempsusCentralLoginPage.MoreDetails" name="addLogo" time="13.548"/>
  <system-out/>
</testsuite> <!-- TempsusCentralLoginPage.MoreDetails -->
