<?xml version="1.0" encoding="UTF-8"?>
<!-- Generated by org.testng.reporters.JUnitReportReporter -->
<testsuite hostname="DESKTOP-UE7TLLR" failures="0" tests="2" name="AdminRoleMaster.allFieldsAreBlank" time="7.402" errors="0" timestamp="2022-07-28T10:11:29 IST" skipped="0">
  <testcase classname="AdminRoleMaster.allFieldsAreBlank" name="login" time="6.185"/>
  <system-out/>
  <testcase classname="AdminRoleMaster.allFieldsAreBlank" name="allFieldsAreBlank" time="1.217"/>
  <system-out/>
</testsuite> <!-- AdminRoleMaster.allFieldsAreBlank -->
