<?xml version="1.0" encoding="UTF-8"?>
<!-- Generated by org.testng.reporters.JUnitReportReporter -->
<testsuite hostname="DESKTOP-UE7TLLR" failures="0" tests="2" name="AdminRoleMaster.deleteFullAccessUser" time="7.883" errors="0" timestamp="2022-07-28T11:26:40 IST" skipped="0">
  <testcase classname="AdminRoleMaster.deleteFullAccessUser" name="login" time="6.051"/>
  <system-out/>
  <testcase classname="AdminRoleMaster.deleteFullAccessUser" name="addFullAccesUser" time="1.832"/>
  <system-out/>
</testsuite> <!-- AdminRoleMaster.deleteFullAccessUser -->
