<?xml version="1.0" encoding="UTF-8"?>
<!-- Generated by org.testng.reporters.JUnitReportReporter -->
<testsuite hostname="DESKTOP-UE7TLLR" failures="0" tests="1" name="designationMaster.deleteRecord" time="6.985" errors="0" timestamp="2022-07-29T17:59:48 IST" skipped="0">
  <testcase classname="designationMaster.deleteRecord" name="deleteRecord" time="6.985"/>
  <system-out/>
</testsuite> <!-- designationMaster.deleteRecord -->
