<?xml version="1.0" encoding="UTF-8"?>
<!-- Generated by org.testng.reporters.JUnitReportReporter -->
<testsuite hostname="DESKTOP-UE7TLLR" failures="0" tests="1" name="EmployeeFormSetUp.addNewDropdownFieldWhichisAlreadyExists" time="5.774" errors="0" timestamp="2022-08-01T09:23:08 IST" skipped="0">
  <testcase classname="EmployeeFormSetUp.addNewDropdownFieldWhichisAlreadyExists" name="fieldsblank" time="5.774"/>
  <system-out/>
</testsuite> <!-- EmployeeFormSetUp.addNewDropdownFieldWhichisAlreadyExists -->
