<?xml version="1.0" encoding="UTF-8"?>
<!-- Generated by org.testng.reporters.JUnitReportReporter -->
<testsuite hostname="DESKTOP-UE7TLLR" failures="0" tests="1" name="TempsusCentralLoginPage.LoginPage" time="4.492" errors="0" timestamp="2022-07-19T14:17:30 IST" skipped="0">
  <testcase classname="TempsusCentralLoginPage.LoginPage" name="display" time="4.492"/>
  <system-out/>
</testsuite> <!-- TempsusCentralLoginPage.LoginPage -->
