<?xml version="1.0" encoding="UTF-8"?>
<!-- Generated by org.testng.reporters.JUnitReportReporter -->
<testsuite hostname="DESKTOP-UE7TLLR" failures="0" tests="1" name="EmployeeFormSetUp.addNewFieldAsText" time="6.085" errors="0" timestamp="2022-08-01T09:16:09 IST" skipped="0">
  <testcase classname="EmployeeFormSetUp.addNewFieldAsText" name="fieldsblank" time="6.085"/>
  <system-out/>
</testsuite> <!-- EmployeeFormSetUp.addNewFieldAsText -->
