<?xml version="1.0" encoding="UTF-8"?>
<!-- Generated by org.testng.reporters.JUnitReportReporter -->
<testsuite hostname="DESKTOP-UE7TLLR" failures="0" tests="1" name="TempsusCentralLoginPage.AccountEdit" time="20.326" errors="0" timestamp="2022-07-19T17:12:09 IST" skipped="0">
  <testcase classname="TempsusCentralLoginPage.AccountEdit" name="display" time="20.326"/>
  <system-out/>
</testsuite> <!-- TempsusCentralLoginPage.AccountEdit -->
