<?xml version="1.0" encoding="UTF-8"?>
<!-- Generated by org.testng.reporters.JUnitReportReporter -->
<testsuite hostname="DESKTOP-UE7TLLR" failures="0" tests="2" name="companyDetails.search" time="13.650" errors="0" timestamp="2022-08-01T15:27:14 IST" skipped="0">
  <testcase classname="companyDetails.search" name="login" time="5.969"/>
  <system-out/>
  <testcase classname="companyDetails.search" name="search" time="7.681"/>
  <system-out/>
</testsuite> <!-- companyDetails.search -->
