<?xml version="1.0" encoding="UTF-8"?>
<!-- Generated by org.testng.reporters.JUnitReportReporter -->
<testsuite hostname="DESKTOP-UE7TLLR" failures="0" tests="1" name="EmployeeFormSetUp.addNewFieldAsDropdown" time="9.095" errors="0" timestamp="2022-08-01T09:20:53 IST" skipped="0">
  <testcase classname="EmployeeFormSetUp.addNewFieldAsDropdown" name="fieldsblank" time="9.095"/>
  <system-out/>
</testsuite> <!-- EmployeeFormSetUp.addNewFieldAsDropdown -->
