<?xml version="1.0" encoding="UTF-8"?>
<!-- Generated by org.testng.reporters.JUnitReportReporter -->
<testsuite hostname="DESKTOP-UE7TLLR" failures="0" tests="1" name="designationMaster.DesignationRecordaddition" time="6.841" errors="0" timestamp="2022-07-29T16:58:38 IST" skipped="0">
  <testcase classname="designationMaster.DesignationRecordaddition" name="fieldsblank" time="6.841"/>
  <system-out/>
</testsuite> <!-- designationMaster.DesignationRecordaddition -->
