<?xml version="1.0" encoding="UTF-8"?>
<!-- Generated by org.testng.reporters.JUnitReportReporter -->
<testsuite hostname="DESKTOP-UE7TLLR" failures="0" tests="2" name="companyDetails.AllFieldsAreBlank" time="10.954" errors="0" timestamp="2022-08-01T15:26:22 IST" skipped="0">
  <testcase classname="companyDetails.AllFieldsAreBlank" name="login" time="6.070"/>
  <system-out/>
  <testcase classname="companyDetails.AllFieldsAreBlank" name="allFieldsAreBlank" time="4.884"/>
  <system-out/>
</testsuite> <!-- companyDetails.AllFieldsAreBlank -->
