<?xml version="1.0" encoding="UTF-8"?>
<!-- Generated by org.testng.reporters.JUnitReportReporter -->
<testsuite hostname="DESKTOP-UE7TLLR" failures="0" tests="1" name="designationMaster.allFieldsAreBlank" time="28.129" errors="0" timestamp="2022-07-29T16:52:57 IST" skipped="0">
  <testcase classname="designationMaster.allFieldsAreBlank" name="fieldsblank" time="28.129"/>
  <system-out/>
</testsuite> <!-- designationMaster.allFieldsAreBlank -->
