<?xml version="1.0" encoding="UTF-8"?>
<!-- Generated by org.testng.reporters.JUnitReportReporter -->
<testsuite hostname="DESKTOP-UE7TLLR" failures="0" tests="2" name="companyDetails.deleteLocation" time="16.265" errors="0" timestamp="2022-07-26T16:07:10 IST" skipped="0">
  <testcase classname="companyDetails.deleteLocation" name="login" time="6.672"/>
  <system-out/>
  <testcase classname="companyDetails.deleteLocation" name="locationDelete" time="9.593"/>
  <system-out/>
</testsuite> <!-- companyDetails.deleteLocation -->
