<?xml version="1.0" encoding="UTF-8"?>
<!-- Generated by org.testng.reporters.JUnitReportReporter -->
<testsuite hostname="DESKTOP-UE7TLLR" failures="0" tests="1" name="TempsusCentralLoginPage.AccountNonMandatoryFieldsBlank" time="17.344" errors="0" timestamp="2022-07-20T12:31:41 IST" skipped="0">
  <testcase classname="TempsusCentralLoginPage.AccountNonMandatoryFieldsBlank" name="display" time="17.344"/>
  <system-out/>
</testsuite> <!-- TempsusCentralLoginPage.AccountNonMandatoryFieldsBlank -->
