<?xml version="1.0" encoding="UTF-8"?>
<!-- Generated by org.testng.reporters.JUnitReportReporter -->
<testsuite hostname="DESKTOP-UE7TLLR" failures="0" tests="1" name="EmployeeFormSetUp.addNewTextFieldWhichisAlreadyExists" time="4.993" errors="0" timestamp="2022-08-01T09:18:57 IST" skipped="0">
  <testcase classname="EmployeeFormSetUp.addNewTextFieldWhichisAlreadyExists" name="fieldsblank" time="4.993"/>
  <system-out/>
</testsuite> <!-- EmployeeFormSetUp.addNewTextFieldWhichisAlreadyExists -->
