<?xml version="1.0" encoding="UTF-8"?>
<!-- Generated by org.testng.reporters.JUnitReportReporter -->
<testsuite hostname="DESKTOP-UE7TLLR" failures="0" tests="2" name="companyDetails.reset" time="12.891" errors="0" timestamp="2022-08-01T15:26:50 IST" skipped="0">
  <testcase classname="companyDetails.reset" name="login" time="5.935"/>
  <system-out/>
  <testcase classname="companyDetails.reset" name="allFieldsAreBlank" time="6.956"/>
  <system-out/>
</testsuite> <!-- companyDetails.reset -->
