<?xml version="1.0" encoding="UTF-8"?>
<!-- Generated by org.testng.reporters.JUnitReportReporter -->
<testsuite hostname="DESKTOP-UE7TLLR" failures="0" tests="1" name="DepartmentMaster.addSameParentDept" time="13.962" errors="0" timestamp="2022-07-27T18:37:39 IST" skipped="0">
  <testcase classname="DepartmentMaster.addSameParentDept" name="deleteDepartment" time="13.962"/>
  <system-out/>
</testsuite> <!-- DepartmentMaster.addSameParentDept -->
