<?xml version="1.0" encoding="UTF-8"?>
<!-- Generated by org.testng.reporters.JUnitReportReporter -->
<testsuite hostname="DESKTOP-UE7TLLR" failures="0" tests="2" name="companyDetails.locationandparentlocationsame" time="19.251" errors="0" timestamp="2022-07-26T18:56:58 IST" skipped="0">
  <testcase classname="companyDetails.locationandparentlocationsame" name="login" time="6.077"/>
  <system-out/>
  <testcase classname="companyDetails.locationandparentlocationsame" name="seleetParentLocationfirttime" time="13.174"/>
  <system-out/>
</testsuite> <!-- companyDetails.locationandparentlocationsame -->
