<?xml version="1.0" encoding="UTF-8"?>
<!-- Generated by org.testng.reporters.JUnitReportReporter -->
<testsuite hostname="DESKTOP-UE7TLLR" failures="0" tests="2" name="TempsusCentralAccountDetails.MoreDetails" time="18.312" errors="0" timestamp="2022-07-22T17:58:28 IST" skipped="0">
  <testcase classname="TempsusCentralAccountDetails.MoreDetails" name="login" time="2.377"/>
  <system-out/>
  <testcase classname="TempsusCentralAccountDetails.MoreDetails" name="moreDetails" time="15.935"/>
  <system-out/>
</testsuite> <!-- TempsusCentralAccountDetails.MoreDetails -->
