<?xml version="1.0" encoding="UTF-8"?>
<!-- Generated by org.testng.reporters.JUnitReportReporter -->
<testsuite hostname="DESKTOP-UE7TLLR" failures="0" tests="4" name="AdminRoleMaster.AdminRoleCompanyLocationViewEditDeleteCheck" time="28.011" errors="0" timestamp="2022-07-29T12:28:05 IST" skipped="0">
  <testcase classname="AdminRoleMaster.AdminRoleCompanyLocationViewEditDeleteCheck" name="login" time="6.489"/>
  <system-out/>
  <testcase classname="AdminRoleMaster.AdminRoleCompanyLocationViewEditDeleteCheck" name="companyLocationAdd" time="8.727"/>
  <system-out/>
  <testcase classname="AdminRoleMaster.AdminRoleCompanyLocationViewEditDeleteCheck" name="companyLocatinEditRecord" time="4.349"/>
  <system-out/>
  <testcase classname="AdminRoleMaster.AdminRoleCompanyLocationViewEditDeleteCheck" name="companyLocationDelete" time="8.446"/>
  <system-out/>
</testsuite> <!-- AdminRoleMaster.AdminRoleCompanyLocationViewEditDeleteCheck -->
