<?xml version="1.0" encoding="UTF-8"?>
<!-- Generated by org.testng.reporters.JUnitReportReporter -->
<testsuite hostname="DESKTOP-UE7TLLR" failures="0" tests="1" name="TempsusCentralLoginPage.AccountAllFieldsBlank" time="16.384" errors="0" timestamp="2022-07-20T09:58:24 IST" skipped="0">
  <testcase classname="TempsusCentralLoginPage.AccountAllFieldsBlank" name="display" time="16.384"/>
  <system-out/>
</testsuite> <!-- TempsusCentralLoginPage.AccountAllFieldsBlank -->
