<?xml version="1.0" encoding="UTF-8"?>
<!-- Generated by org.testng.reporters.JUnitReportReporter -->
<testsuite hostname="DESKTOP-UE7TLLR" failures="0" tests="2" name="companyDetails.reset" time="11.003" errors="0" timestamp="2022-07-26T15:35:55 IST" skipped="0">
  <testcase classname="companyDetails.reset" name="login" time="6.525"/>
  <system-out/>
  <testcase classname="companyDetails.reset" name="allFieldsAreBlank" time="4.478"/>
  <system-out/>
</testsuite> <!-- companyDetails.reset -->
