<?xml version="1.0" encoding="UTF-8"?>
<!-- Generated by org.testng.reporters.JUnitReportReporter -->
<testsuite hostname="DESKTOP-UE7TLLR" failures="0" tests="1" name="DepartmentMaster.DepartmentShortNameSame" time="6.508" errors="0" timestamp="2022-07-29T18:37:42 IST" skipped="0">
  <testcase classname="DepartmentMaster.DepartmentShortNameSame" name="duplicateShortName" time="6.508"/>
  <system-out/>
</testsuite> <!-- DepartmentMaster.DepartmentShortNameSame -->
