<?xml version="1.0" encoding="UTF-8"?>
<!-- Generated by org.testng.reporters.JUnitReportReporter -->
<testsuite hostname="DESKTOP-UE7TLLR" failures="0" tests="1" name="EmployeeFormSetUp.deleteNewTextFieldasRequireField" time="10.516" errors="0" timestamp="2022-08-01T12:29:57 IST" skipped="0">
  <testcase classname="EmployeeFormSetUp.deleteNewTextFieldasRequireField" name="fieldsblank" time="10.516"/>
  <system-out/>
</testsuite> <!-- EmployeeFormSetUp.deleteNewTextFieldasRequireField -->
