<?xml version="1.0" encoding="UTF-8"?>
<!-- Generated by org.testng.reporters.JUnitReportReporter -->
<testsuite hostname="DESKTOP-UE7TLLR" failures="0" tests="1" name="DepartmentMaster.addDeptwithNoLocation" time="5.475" errors="0" timestamp="2022-07-27T18:36:45 IST" skipped="0">
  <testcase classname="DepartmentMaster.addDeptwithNoLocation" name="allFieldsBlank" time="5.475"/>
  <system-out/>
</testsuite> <!-- DepartmentMaster.addDeptwithNoLocation -->
