<?xml version="1.0" encoding="UTF-8"?>
<!-- Generated by org.testng.reporters.JUnitReportReporter -->
<testsuite hostname="DESKTOP-UE7TLLR" failures="0" tests="1" name="EmployeeFormSetUp.EditNewDropdownField" time="20.885" errors="0" timestamp="2022-07-30T17:57:15 IST" skipped="0">
  <testcase classname="EmployeeFormSetUp.EditNewDropdownField" name="fieldsblank" time="20.885"/>
  <system-out/>
</testsuite> <!-- EmployeeFormSetUp.EditNewDropdownField -->
