<?xml version="1.0" encoding="UTF-8"?>
<!-- Generated by org.testng.reporters.JUnitReportReporter -->
<testsuite hostname="DESKTOP-UE7TLLR" failures="0" tests="1" name="EmployeeFormSetUp.fieldIsBlank" time="6293.906" errors="0" timestamp="2022-07-30T13:35:30 IST" skipped="0">
  <testcase classname="EmployeeFormSetUp.fieldIsBlank" name="fieldsblank" time="6293.906"/>
  <system-out/>
</testsuite> <!-- EmployeeFormSetUp.fieldIsBlank -->
