<?xml version="1.0" encoding="UTF-8"?>
<!-- Generated by org.testng.reporters.JUnitReportReporter -->
<testsuite hostname="DESKTOP-UE7TLLR" failures="0" tests="1" name="EmployeeFormSetUp.addNewFieldAsText" time="8.293" errors="0" timestamp="2022-07-30T17:27:21 IST" skipped="0">
  <testcase classname="EmployeeFormSetUp.addNewFieldAsText" name="fieldsblank" time="8.293"/>
  <system-out/>
</testsuite> <!-- EmployeeFormSetUp.addNewFieldAsText -->
