<?xml version="1.0" encoding="UTF-8"?>
<!-- Generated by org.testng.reporters.JUnitReportReporter -->
<testsuite hostname="DESKTOP-UE7TLLR" failures="0" tests="1" name="designationMaster.add" time="4.077" errors="0" timestamp="2022-07-29T18:40:00 IST" skipped="0">
  <testcase classname="designationMaster.add" name="fieldsblank" time="4.077"/>
  <system-out/>
</testsuite> <!-- designationMaster.add -->
