<?xml version="1.0" encoding="UTF-8"?>
<!-- Generated by org.testng.reporters.JUnitReportReporter -->
<testsuite hostname="DESKTOP-UE7TLLR" failures="0" tests="1" name="TempsusCentralLoginPage.AccountEdit2" time="1.266" errors="0" timestamp="2022-07-19T17:19:43 IST" skipped="0">
  <testcase classname="TempsusCentralLoginPage.AccountEdit2" name="display" time="1.266"/>
  <system-out/>
</testsuite> <!-- TempsusCentralLoginPage.AccountEdit2 -->
