<?xml version="1.0" encoding="UTF-8"?>
<!-- Generated by org.testng.reporters.JUnitReportReporter -->
<testsuite hostname="DESKTOP-UE7TLLR" failures="0" tests="2" name="companyDetails.locationandparentlocationsame" time="22.930" errors="0" timestamp="2022-08-01T16:13:24 IST" skipped="0">
  <testcase classname="companyDetails.locationandparentlocationsame" name="login" time="7.729"/>
  <system-out/>
  <testcase classname="companyDetails.locationandparentlocationsame" name="seleetParentLocationfirttime" time="15.201"/>
  <system-out/>
</testsuite> <!-- companyDetails.locationandparentlocationsame -->
