<?xml version="1.0" encoding="UTF-8"?>
<!-- Generated by org.testng.reporters.JUnitReportReporter -->
<testsuite hostname="DESKTOP-UE7TLLR" failures="0" tests="1" name="DepartmentMaster.deleteDepartmentWithoutEmp" time="12.854" errors="0" timestamp="2022-07-27T18:45:48 IST" skipped="0">
  <testcase classname="DepartmentMaster.deleteDepartmentWithoutEmp" name="deleteDepartment" time="12.854"/>
  <system-out/>
</testsuite> <!-- DepartmentMaster.deleteDepartmentWithoutEmp -->
