<?xml version="1.0" encoding="UTF-8"?>
<!-- Generated by org.testng.reporters.JUnitReportReporter -->
<testsuite hostname="DESKTOP-UE7TLLR" failures="0" tests="5" name="TempsusCentralAccountDetails.AccountAddNewFields" time="87.944" errors="0" timestamp="2022-07-25T16:29:25 IST" skipped="0">
  <testcase classname="TempsusCentralAccountDetails.AccountAddNewFields" name="login" time="6.305"/>
  <system-out/>
  <testcase classname="TempsusCentralAccountDetails.AccountAddNewFields" name="DeleteDropDownOption" time="15.616"/>
  <system-out/>
  <testcase classname="TempsusCentralAccountDetails.AccountAddNewFields" name="deleteMandoryTextField" time="19.389"/>
  <system-out/>
  <testcase classname="TempsusCentralAccountDetails.AccountAddNewFields" name="addMandoryDropdownField" time="18.981"/>
  <system-out/>
  <testcase classname="TempsusCentralAccountDetails.AccountAddNewFields" name="addMandoryTextField" time="27.653"/>
  <system-out/>
</testsuite> <!-- TempsusCentralAccountDetails.AccountAddNewFields -->
