<?xml version="1.0" encoding="UTF-8"?>
<!-- Generated by org.testng.reporters.JUnitReportReporter -->
<testsuite hostname="DESKTOP-UE7TLLR" failures="0" tests="2" name="companyDetails.AllFieldsAreBlank" time="11.383" errors="0" timestamp="2022-07-26T15:35:55 IST" skipped="0">
  <testcase classname="companyDetails.AllFieldsAreBlank" name="login" time="7.084"/>
  <system-out/>
  <testcase classname="companyDetails.AllFieldsAreBlank" name="allFieldsAreBlank" time="4.299"/>
  <system-out/>
</testsuite> <!-- companyDetails.AllFieldsAreBlank -->
