<?xml version="1.0" encoding="UTF-8"?>
<!-- Generated by org.testng.reporters.JUnitReportReporter -->
<testsuite hostname="DESKTOP-UE7TLLR" failures="0" tests="1" name="EmployeeFormSetUp.deleteNewDropDownField" time="7.971" errors="0" timestamp="2022-07-30T17:57:32 IST" skipped="0">
  <testcase classname="EmployeeFormSetUp.deleteNewDropDownField" name="fieldsblank" time="7.971"/>
  <system-out/>
</testsuite> <!-- EmployeeFormSetUp.deleteNewDropDownField -->
