<?xml version="1.0" encoding="UTF-8"?>
<!-- Generated by org.testng.reporters.JUnitReportReporter -->
<testsuite hostname="DESKTOP-UE7TLLR" failures="0" tests="1" name="DepartmentMaster.addDepartment" time="10.441" errors="0" timestamp="2022-07-27T10:31:47 IST" skipped="0">
  <testcase classname="DepartmentMaster.addDepartment" name="allFieldsBlank" time="10.441"/>
  <system-out/>
</testsuite> <!-- DepartmentMaster.addDepartment -->
