<?xml version="1.0" encoding="UTF-8"?>
<!-- Generated by org.testng.reporters.JUnitReportReporter -->
<testsuite hostname="DESKTOP-UE7TLLR" failures="0" tests="1" name="DepartmentMaster.updateDepartment" time="15.478" errors="0" timestamp="2022-07-27T18:48:17 IST" skipped="0">
  <testcase classname="DepartmentMaster.updateDepartment" name="UpdateDepartment" time="15.478"/>
  <system-out/>
</testsuite> <!-- DepartmentMaster.updateDepartment -->
