<?xml version="1.0" encoding="UTF-8"?>
<!-- Generated by org.testng.reporters.JUnitReportReporter -->
<testsuite hostname="DESKTOP-UE7TLLR" failures="0" tests="6" name="AdminRoleMaster.fullUserCompanyLocationAccessCheck" time="6.149" errors="0" timestamp="2022-07-29T09:31:53 IST" skipped="4">
  <testcase classname="AdminRoleMaster.fullUserCompanyLocationAccessCheck" name="login" time="6.076"/>
  <system-out/>
  <testcase classname="AdminRoleMaster.fullUserCompanyLocationAccessCheck" name="companyLocatinViewAccessRestriction" time="0.073"/>
  <system-out/>
  <testcase classname="AdminRoleMaster.fullUserCompanyLocationAccessCheck" name="companyLocationAdd">
    <skipped/>
  </testcase> <!-- companyLocationAdd -->
  <system-out/>
  <testcase classname="AdminRoleMaster.fullUserCompanyLocationAccessCheck" name="companyLocatinEditonly">
    <skipped/>
  </testcase> <!-- companyLocatinEditonly -->
  <system-out/>
  <testcase classname="AdminRoleMaster.fullUserCompanyLocationAccessCheck" name="companyLocationDelete">
    <skipped/>
  </testcase> <!-- companyLocationDelete -->
  <system-out/>
  <testcase classname="AdminRoleMaster.fullUserCompanyLocationAccessCheck" name="companyLocatinViewonly">
    <skipped/>
  </testcase> <!-- companyLocatinViewonly -->
  <system-out/>
</testsuite> <!-- AdminRoleMaster.fullUserCompanyLocationAccessCheck -->
