<?xml version="1.0" encoding="UTF-8"?>
<!-- Generated by org.testng.reporters.JUnitReportReporter -->
<testsuite hostname="DESKTOP-UE7TLLR" failures="0" tests="1" name="DepartmentMaster.deleteDepartment" time="5703.259" errors="0" timestamp="2022-07-27T13:35:37 IST" skipped="0">
  <testcase classname="DepartmentMaster.deleteDepartment" name="deleteDepartment" time="5703.259"/>
  <system-out/>
</testsuite> <!-- DepartmentMaster.deleteDepartment -->
