<?xml version="1.0" encoding="UTF-8"?>
<!-- Generated by org.testng.reporters.JUnitReportReporter -->
<testsuite hostname="DESKTOP-UE7TLLR" failures="0" tests="2" name="AdminRoleMaster.addAeminRoleFullAccessUser" time="7.478" errors="0" timestamp="2022-07-28T11:18:52 IST" skipped="0">
  <testcase classname="AdminRoleMaster.addAeminRoleFullAccessUser" name="login" time="6.081"/>
  <system-out/>
  <testcase classname="AdminRoleMaster.addAeminRoleFullAccessUser" name="addFullAccesUser" time="1.397"/>
  <system-out/>
</testsuite> <!-- AdminRoleMaster.addAeminRoleFullAccessUser -->
