<?xml version="1.0" encoding="UTF-8"?>
<!-- Generated by org.testng.reporters.JUnitReportReporter -->
<testsuite hostname="DESKTOP-UE7TLLR" failures="0" tests="2" name="companyDetails.deleteLocationalreadyexists" time="15.080" errors="0" timestamp="2022-07-26T18:14:52 IST" skipped="0">
  <testcase classname="companyDetails.deleteLocationalreadyexists" name="login" time="6.139"/>
  <system-out/>
  <testcase classname="companyDetails.deleteLocationalreadyexists" name="locationDeleteAlreadyExists" time="8.941"/>
  <system-out/>
</testsuite> <!-- companyDetails.deleteLocationalreadyexists -->
