<?xml version="1.0" encoding="UTF-8"?>
<!-- Generated by org.testng.reporters.JUnitReportReporter -->
<testsuite hostname="DESKTOP-UE7TLLR" failures="0" tests="4" name="AdminRoleMaster.AdminRoleCompanyLocationAddViewDeleteCheck" time="27.571" errors="0" timestamp="2022-07-29T13:50:09 IST" skipped="0">
  <testcase classname="AdminRoleMaster.AdminRoleCompanyLocationAddViewDeleteCheck" name="login" time="6.129"/>
  <system-out/>
  <testcase classname="AdminRoleMaster.AdminRoleCompanyLocationAddViewDeleteCheck" name="companyLocationAdd" time="8.851"/>
  <system-out/>
  <testcase classname="AdminRoleMaster.AdminRoleCompanyLocationAddViewDeleteCheck" name="companyLocatinEditRecord" time="4.226"/>
  <system-out/>
  <testcase classname="AdminRoleMaster.AdminRoleCompanyLocationAddViewDeleteCheck" name="companyLocationDelete" time="8.365"/>
  <system-out/>
</testsuite> <!-- AdminRoleMaster.AdminRoleCompanyLocationAddViewDeleteCheck -->
