<?xml version="1.0" encoding="UTF-8"?>
<!-- Generated by org.testng.reporters.JUnitReportReporter -->
<testsuite hostname="DESKTOP-UE7TLLR" failures="0" tests="1" name="DepartmentMaster.addDeptWithMultipleLocations" time="7.281" errors="0" timestamp="2022-07-27T18:36:23 IST" skipped="0">
  <testcase classname="DepartmentMaster.addDeptWithMultipleLocations" name="DeptWithLocation" time="7.281"/>
  <system-out/>
</testsuite> <!-- DepartmentMaster.addDeptWithMultipleLocations -->
