<?xml version="1.0" encoding="UTF-8"?>
<!-- Generated by org.testng.reporters.JUnitReportReporter -->
<testsuite hostname="DESKTOP-UE7TLLR" failures="0" tests="4" name="AdminRoleMaster.AdminRoleCompanyLocationAddViewEditDeletecheck" time="27.324" errors="0" timestamp="2022-07-29T13:55:48 IST" skipped="0">
  <testcase classname="AdminRoleMaster.AdminRoleCompanyLocationAddViewEditDeletecheck" name="login" time="5.912"/>
  <system-out/>
  <testcase classname="AdminRoleMaster.AdminRoleCompanyLocationAddViewEditDeletecheck" name="companyLocationAdd" time="8.671"/>
  <system-out/>
  <testcase classname="AdminRoleMaster.AdminRoleCompanyLocationAddViewEditDeletecheck" name="companyLocatinEditRecord" time="4.281"/>
  <system-out/>
  <testcase classname="AdminRoleMaster.AdminRoleCompanyLocationAddViewEditDeletecheck" name="companyLocationDelete" time="8.460"/>
  <system-out/>
</testsuite> <!-- AdminRoleMaster.AdminRoleCompanyLocationAddViewEditDeletecheck -->
