<?xml version="1.0" encoding="UTF-8"?>
<!-- Generated by org.testng.reporters.JUnitReportReporter -->
<testsuite hostname="DESKTOP-UE7TLLR" failures="0" tests="1" name="EmployeeFormSetUp.EditNewTextField" time="13.870" errors="0" timestamp="2022-08-01T09:12:39 IST" skipped="0">
  <testcase classname="EmployeeFormSetUp.EditNewTextField" name="fieldsblank" time="13.870"/>
  <system-out/>
</testsuite> <!-- EmployeeFormSetUp.EditNewTextField -->
