<?xml version="1.0" encoding="UTF-8"?>
<!-- Generated by org.testng.reporters.JUnitReportReporter -->
<testsuite hostname="DESKTOP-UE7TLLR" failures="0" tests="2" name="AdminRoleMaster.addAeminRoleLightAccessUser" time="7.573" errors="0" timestamp="2022-07-28T11:46:33 IST" skipped="0">
  <testcase classname="AdminRoleMaster.addAeminRoleLightAccessUser" name="login" time="6.034"/>
  <system-out/>
  <testcase classname="AdminRoleMaster.addAeminRoleLightAccessUser" name="addFullAccesUser" time="1.539"/>
  <system-out/>
</testsuite> <!-- AdminRoleMaster.addAeminRoleLightAccessUser -->
