<?xml version="1.0" encoding="UTF-8"?>
<!-- Generated by org.testng.reporters.JUnitReportReporter -->
<testsuite hostname="DESKTOP-UE7TLLR" failures="0" tests="4" name="AdminRoleMaster.AdminRoleCompanyLocationViewAddCheck" time="21.972" errors="0" timestamp="2022-07-30T10:14:12 IST" skipped="0">
  <testcase classname="AdminRoleMaster.AdminRoleCompanyLocationViewAddCheck" name="login" time="5.873"/>
  <system-out/>
  <testcase classname="AdminRoleMaster.AdminRoleCompanyLocationViewAddCheck" name="companyLocationAdd" time="7.738"/>
  <system-out/>
  <testcase classname="AdminRoleMaster.AdminRoleCompanyLocationViewAddCheck" name="companyLocatinViewonly" time="4.144"/>
  <system-out/>
  <testcase classname="AdminRoleMaster.AdminRoleCompanyLocationViewAddCheck" name="companyLocationDelete" time="4.217"/>
  <system-out/>
</testsuite> <!-- AdminRoleMaster.AdminRoleCompanyLocationViewAddCheck -->
