<?xml version="1.0" encoding="UTF-8"?>
<!-- Generated by org.testng.reporters.JUnitReportReporter -->
<testsuite hostname="DESKTOP-UE7TLLR" failures="0" tests="1" name="EmployeeFormSetUp.addNewFieldAsTextFieldasUnique" time="10.185" errors="0" timestamp="2022-08-01T12:57:14 IST" skipped="0">
  <testcase classname="EmployeeFormSetUp.addNewFieldAsTextFieldasUnique" name="addNewFieldasTextRequiredField" time="10.185"/>
  <system-out/>
</testsuite> <!-- EmployeeFormSetUp.addNewFieldAsTextFieldasUnique -->
