<?xml version="1.0" encoding="UTF-8"?>
<!-- Generated by org.testng.reporters.JUnitReportReporter -->
<testsuite hostname="DESKTOP-UE7TLLR" failures="0" tests="1" name="TempsusCentralAccountDetails.AccountMandatoryFieldsBlank" time="12.849" errors="0" timestamp="25 Jul 2022 11:15:55 GMT">
  <testcase classname="TempsusCentralAccountDetails.AccountMandatoryFieldsBlank" name="checkMandatoryFields" time="12.849"/>
</testsuite>
