<?xml version="1.0" encoding="UTF-8"?>
<!-- Generated by org.testng.reporters.JUnitReportReporter -->
<testsuite hostname="DESKTOP-UE7TLLR" failures="0" tests="3" name="TempsusCentralAccountDetails.AddLogo" time="31.708" errors="0" timestamp="25 Jul 2022 11:15:55 GMT">
  <testcase classname="TempsusCentralAccountDetails.AddLogo" name="addExcelsheet" time="15.360"/>
  <testcase classname="TempsusCentralAccountDetails.AddLogo" name="addJPGfileLogo" time="15.103"/>
  <testcase classname="TempsusCentralAccountDetails.AddLogo" name="login" time="1.245"/>
</testsuite>
