<?xml version="1.0" encoding="UTF-8"?>
<!-- Generated by org.testng.reporters.JUnitReportReporter -->
<testsuite hostname="DESKTOP-UE7TLLR" failures="0" tests="2" name="TempsusCentralAccountDetails.MoreDetails" time="15.072" errors="0" timestamp="25 Jul 2022 11:15:55 GMT">
  <testcase classname="TempsusCentralAccountDetails.MoreDetails" name="moreDetails" time="13.894"/>
  <testcase classname="TempsusCentralAccountDetails.MoreDetails" name="login" time="1.178"/>
</testsuite>
