<?xml version="1.0" encoding="UTF-8"?>
<!-- Generated by org.testng.reporters.JUnitReportReporter -->
<testsuite hostname="DESKTOP-UE7TLLR" failures="0" tests="5" name="TempsusCentralAccountDetails.AccountAddNewFields" time="88.103" errors="0" timestamp="25 Jul 2022 11:07:10 GMT">
  <testcase classname="TempsusCentralAccountDetails.AccountAddNewFields" name="login" time="6.405"/>
  <testcase classname="TempsusCentralAccountDetails.AccountAddNewFields" name="addMandoryDropdownField" time="18.930"/>
  <testcase classname="TempsusCentralAccountDetails.AccountAddNewFields" name="addMandoryTextField" time="27.697"/>
  <testcase classname="TempsusCentralAccountDetails.AccountAddNewFields" name="deleteMandoryTextField" time="19.405"/>
  <testcase classname="TempsusCentralAccountDetails.AccountAddNewFields" name="DeleteDropDownOption" time="15.666"/>
</testsuite>
